13:11:36,726 INF core.configuration.product: Loading information about products from /etc/anaconda/product.d.
13:11:36,729 INF core.configuration.product: Found Fedora Server at /etc/anaconda/product.d/fedora-server.conf.
13:11:36,730 INF core.configuration.product: Found oVirt Node Next at /etc/anaconda/product.d/ovirt.conf.
13:11:36,730 INF core.configuration.product: Found Fedora Workstation at /etc/anaconda/product.d/fedora-workstation.conf.
13:11:36,731 INF core.configuration.product: Found Red Hat Virtualization at /etc/anaconda/product.d/rhev.conf.
13:11:36,747 INF core.configuration.product: Found Fedora Workstation Live at /etc/anaconda/product.d/fedora-workstation-live.conf.
13:11:36,747 INF core.configuration.product: Found AlmaLinux at /etc/anaconda/product.d/almalinux.conf.
13:11:36,748 INF core.configuration.product: Found CentOS Stream at /etc/anaconda/product.d/centos-stream.conf.
13:11:36,749 INF core.configuration.product: Found Scientific Linux at /etc/anaconda/product.d/scientific-linux.conf.
13:11:36,750 INF core.configuration.product: Found Rocky Linux at /etc/anaconda/product.d/rocky.conf.
13:11:36,750 INF core.configuration.product: Found Fedora at /etc/anaconda/product.d/fedora.conf.
13:11:36,751 INF core.configuration.product: Found Fedora AtomicHost at /etc/anaconda/product.d/fedora-atomic-host.conf.
13:11:36,752 INF core.configuration.product: Found CentOS Linux at /etc/anaconda/product.d/centos.conf.
13:11:36,752 INF core.configuration.product: Found Fedora Silverblue at /etc/anaconda/product.d/fedora-silverblue.conf.
13:11:36,753 INF core.configuration.product: Found Red Hat Enterprise Linux at /etc/anaconda/product.d/rhel.conf.
13:11:36,753 WRN core.configuration.product: No support for the product Rocky Linux Minimal.
13:11:36,754 INF core.configuration.product: The product Rocky Linux is supported.
13:11:36,762 INF main: /sbin/anaconda 33.16.10.5-1.el8.rocky.0.1
13:11:36,820 WRN misc: /usr/lib64/python3.6/site-packages/dbus/connection.py:399: DeprecationWarning: invalid escape sequence \ 
  """

13:11:36,824 WRN misc: /usr/lib64/python3.6/site-packages/dbus/proxies.py:362: DeprecationWarning: invalid escape sequence \ 
  """

13:11:38,681 INF isys: 3979564 kB (3886 MB) are available
13:11:38,700 INF startup_utils: check_memory(): total:3886, needed:320, graphical:410
13:11:38,714 INF main: anaconda called with cmdline = ['/sbin/anaconda']
13:11:38,714 INF main: Default encoding = utf-8 
13:11:38,715 INF misc: Writing a temporary configuration loaded from: ['/etc/anaconda/anaconda.conf', '/etc/anaconda/product.d/rhel.conf', '/etc/anaconda/product.d/rocky.conf', '/etc/anaconda/conf.d/00-do-nothing.conf', '/etc/anaconda/conf.d/01-still-do-nothing.conf']
13:11:38,730 INF core.dbus: Connecting to the Anaconda bus at unix:abstract=/tmp/dbus-UrYYZS1ALa,guid=6ad8d8c8b893d97797aedbd4671a478a.
13:11:44,096 INF main: Found a kickstart file: /usr/share/anaconda/interactive-defaults.ks
13:11:44,148 DBG addons: Loading ks section into module path for addon com_redhat_kdump
13:11:44,148 DBG addons: Loading spokes into module path for addon com_redhat_kdump
13:11:44,148 DBG addons: Loading ks section into module path for addon org_fedora_oscap
13:11:44,148 DBG addons: Loading spokes into module path for addon org_fedora_oscap
13:11:44,270 INF startup_utils: Parsing kickstart: /usr/share/anaconda/interactive-defaults.ks
13:11:44,397 WRN kickstart: Command firstboot will be parsed in DBus module.
13:11:46,983 DBG localization: setting locale to: en_US.UTF-8
13:11:46,992 DBG network: Initialization started.
13:11:46,998 DBG network: Devices found: ['enp0s25']
13:11:47,002 DBG network: Running task Consolidate initramfs connections
13:11:48,010 DBG network: Consolidate initramfs connections result: []
13:11:48,013 DBG network: Running task Apply kickstart
13:11:49,020 DBG network: Apply kickstart result: []
13:11:49,028 DBG network: Running task Dump missing ifcfg files
13:11:50,035 DBG network: Dump missing ifcfg files result: ['enp0s25']
13:11:50,038 DBG network: Running task Set real ONBOOT values from kickstart
13:11:51,045 DBG network: Set real ONBOOT values from kickstart result: []
13:11:51,046 DBG network: Creating network configurations.
13:11:51,049 DBG network: Initialization finished.
13:11:51,049 INF threading: Running Thread: AnaWaitForConnectingNMThread (140662899644160)
13:11:51,050 DBG anaconda: setting display mode to GUI
13:11:51,054 WRN stdout: Not asking for VNC because we don't have a network
13:11:51,055 INF anaconda: Display mode is set to 'interactive graphical mode'.
13:11:51,055 INF threading: Thread Done: AnaWaitForConnectingNMThread (140662899644160)
13:11:51,056 INF isys: 3979564 kB (3886 MB) are available
13:11:51,064 INF startup_utils: check_memory(): total:3886, needed:320, graphical:410
13:11:51,064 DBG core.util: Setting timeout 60 seconds for starting X.
13:11:54,386 DBG core.util: X server has signalled a successful start.
13:11:54,553 INF display: Started spice-vdagent.
13:11:55,257 DBG addons: Loading ks section into module path for addon com_redhat_kdump
13:11:55,257 DBG addons: Loading spokes into module path for addon com_redhat_kdump
13:11:55,257 DBG addons: Loading ks section into module path for addon org_fedora_oscap
13:11:55,257 DBG addons: Loading spokes into module path for addon org_fedora_oscap
13:11:55,480 DBG core.storage: LABEL=OEMDRV matches [] for devicetree=None and disks_only=True
13:11:55,489 INF threading: Running Thread: AnaStorageThread (140662573344512)
13:11:55,494 INF threading: Running Thread: AnaTimeInitThread (140662564951808)
13:11:55,517 DBG payload.manager: Restarting payload thread
13:11:55,520 INF threading: Running Thread: AnaPayloadRestartThread (140662555772672)
13:11:55,521 INF geoloc: Geolocation is enabled.
13:11:55,522 INF threading: Running Thread: AnaPayloadThread (140662547379968)
13:11:55,523 INF threading: Thread Done: AnaPayloadRestartThread (140662555772672)
13:11:55,523 ERR geoloc: Geolocation refresh failed - no connectivity
13:11:55,523 DBG payload.manager: Updating payload thread state: STARTED
13:11:55,525 DBG payload.manager: Updating payload thread state: WAITING_STORAGE
13:11:56,447 DBG ui.gui: Detected primary monitor: 1024x768 95dpix 96dpiy
13:11:57,236 DBG localization: setting locale to: en_US.UTF-8
13:11:57,251 DBG localization: setting locale to: en_US.UTF-8
13:11:57,291 DBG ui.common: Entered spoke: WelcomeLanguageSpoke
13:11:57,292 WRN misc: /usr/lib64/python3.6/site-packages/gi/overrides/Gdk.py:336: DeprecationWarning: Gdk.Cursor.new is deprecated
  return cls.new(*args, **kwds)

13:11:58,516 INF threading: Thread Done: AnaStorageThread (140662573344512)
13:11:58,516 DBG payload.manager: Updating payload thread state: WAITING_NETWORK
13:11:58,516 DBG payload.manager: Updating payload thread state: DOWNLOADING_PKG_METADATA
13:11:59,001 INF threading: Thread Done: AnaTimeInitThread (140662564951808)
13:12:00,386 DBG payload.manager: Updating payload thread state: DOWNLOADING_GROUP_METADATA
13:12:01,413 DBG payload.manager: Updating payload thread state: FINISHED
13:12:01,413 INF threading: Thread Done: AnaPayloadThread (140662547379968)
13:12:04,412 DBG core.util: This system doesn't support TAINT_HARDWARE_UNSUPPORTED.
13:12:04,413 DBG core.util: This system doesn't support TAINT_SUPPORT_REMOVED.
13:12:04,414 DBG localization: setting locale to: en_US.UTF-8
13:12:04,473 DBG ui.gui.spokes.network: network standalone spoke (init): completed: True
13:12:04,481 DBG ui.common: Left spoke: WelcomeLanguageSpoke
13:12:04,500 INF lifecycle: Adding controller: SummaryHub
13:12:05,850 INF threading: Running Thread: AnaAddLayoutsInitThread (140662547379968)
13:12:05,851 DBG ui.gui.utils: Starting applying <bound method AddLayoutDialog._addLayout of <pyanaconda.ui.gui.spokes.keyboard.AddLayoutDialog object at 0x7fee8ca02630>> on <list object at 0x7fee8ca71708>
13:12:05,854 INF threading: Running Thread: AnaGtkBatchPre1 (140662564951808)
13:12:05,859 INF threading: Thread Done: AnaGtkBatchPre1 (140662564951808)
13:12:05,906 INF threading: Running Thread: AnaKeyboardThread (140662564951808)
13:12:06,041 INF lifecycle: Module initialized: LangsupportSpoke
13:12:06,434 INF threading: Running Thread: AnaNTPserver1 (140662573344512)
13:12:06,434 INF threading: Running Thread: AnaDateTimeThread (140662481721088)
13:12:06,482 INF threading: Thread Done: AnaNTPserver1 (140662573344512)
13:12:07,537 INF threading: Running Thread: AnaSourceWatcher (140662573344512)
13:12:07,581 INF ui.gui.spokes.software_selection: using environment from kickstart: None
13:12:07,588 INF threading: Running Thread: AnaSoftwareWatcher (140662517716736)
13:12:07,598 DBG ui.gui.hubs: incomplete spokes: [SoftwareSelectionSpoke]
13:12:07,677 INF threading: Running Thread: AnaStorageWatcher (140662509324032)
13:12:07,678 DBG ui.gui.hubs: incomplete spokes: [SoftwareSelectionSpoke, StorageSpoke]
13:12:07,704 DBG ui.lib.storage: Selecting one or less disks by default: 
13:12:07,705 INF lifecycle: Module initialized: StorageSpoke
13:12:07,705 INF threading: Thread Done: AnaStorageWatcher (140662509324032)
13:12:07,712 DBG core.storage: LABEL=ROCKY-8-10- matches ['sdb1'] for devicetree=None and disks_only=False
13:12:07,719 INF lifecycle: Module initialized: CustomPartitioningSpoke
13:12:07,761 INF lifecycle: Module initialized: FilterSpoke
13:12:07,770 WRN misc: /usr/share/anaconda/addons/com_redhat_kdump/gui/spokes/kdump.py:87: PyGTKDeprecationWarning: Using positional arguments with the GObject constructor has been deprecated. Please specify keyword(s) for "value, lower, upper, step_increment, page_increment, page_size" or use a class specific constructor. See: https://wiki.gnome.org/PyGObject/InitializerDeprecations
  adjustment = Gtk.Adjustment(lower, lower, upper, step, step, 0)

13:12:07,809 DBG ui.gui.spokes.network: adding device configuration: NetworkDeviceConfiguration(connection_uuid='bf6d7afa-d07d-4a53-911c-5eeb3bc0e6e4', device_name='enp0s25', device_type=1)
13:12:07,814 INF lifecycle: Module initialized: NetworkSpoke
13:12:07,837 INF threading: Running Thread: OSCAPguiWaitForDataFetchThread (140662509324032)
13:12:07,860 INF lifecycle: Module initialized: PasswordSpoke
13:12:07,866 DBG ui.gui.hubs: incomplete spokes: [SoftwareSelectionSpoke, StorageSpoke, PasswordSpoke]
13:12:07,908 INF lifecycle: Module initialized: UserSpoke
13:12:07,916 DBG ui.gui.hubs: incomplete spokes: [SoftwareSelectionSpoke, StorageSpoke, PasswordSpoke, UserSpoke]
13:12:07,916 INF lifecycle: Initialization of all modules (11) has been started.
13:12:07,919 DBG ui.gui.hubs: Starting event loop for hub SummaryHub
13:12:07,931 DBG ui.common: Entered hub: SummaryHub
09:12:08,000 INF isys: System time set to Thu Oct 24 13:12:08 2024 UTC
09:12:08,000 INF isys: System time set to Thu Oct 24 13:12:08 2024 UTC
09:12:08,000 INF isys: System time set to Thu Oct 24 13:12:08 2024 UTC
09:12:08,005 INF lifecycle: Module initialized: DatetimeSpoke
09:12:08,005 INF threading: Thread Done: AnaDateTimeThread (140662481721088)
09:12:08,029 INF threading: Running Thread: AnaCheckSoftwareThread (140662481721088)
09:12:08,029 INF lifecycle: Module initialized: SoftwareSelectionSpoke
09:12:08,029 INF threading: Thread Done: AnaSoftwareWatcher (140662517716736)
09:12:08,030 DBG ui.gui.hubs: spoke is not ready: KeyboardSpoke
09:12:08,030 DBG ui.gui.hubs: setting KeyboardSpoke status to: Getting list of layouts...
09:12:08,210 DBG payload.requirement: apply with result True called on requirements []
09:12:08,278 DBG ui.gui.hubs: spoke is not ready: SoftwareSelectionSpoke
09:12:08,335 DBG ui.gui.hubs: incomplete spokes: [SoftwareSelectionSpoke, StorageSpoke, PasswordSpoke, UserSpoke, SourceSpoke]
09:12:08,336 DBG ui.gui.hubs: spoke is not ready: SourceSpoke
09:12:08,336 DBG ui.gui.hubs: setting SourceSpoke status to: Setting up installation source...
09:12:08,336 DBG ui.gui.hubs: setting SourceSpoke status to: Probing storage...
09:12:08,336 DBG ui.gui.hubs: setting SourceSpoke status to: Downloading package metadata...
09:12:08,337 DBG ui.gui.hubs: setting SourceSpoke status to: Downloading group metadata...
09:12:08,391 DBG ui.gui.hubs: spoke is ready: SoftwareSelectionSpoke
09:12:08,447 DBG ui.gui.hubs: spoke is ready: SourceSpoke
09:12:08,448 DBG ui.gui.hubs: setting SoftwareSelectionSpoke status to: Downloading package metadata...
09:12:08,448 DBG ui.gui.hubs: setting SoftwareSelectionSpoke status to: Downloading group metadata...
09:12:08,448 DBG ui.gui.hubs: setting StorageSpoke status to: Probing storage...
09:12:08,448 DBG ui.gui.hubs: setting StorageSpoke status to: Probing storage...
09:12:08,480 DBG ui.gui.hubs: spoke is ready: StorageSpoke
09:12:08,480 DBG ui.gui.hubs: setting OSCAPSpoke status to: Fetching content data
09:12:08,481 DBG ui.gui.hubs: spoke is not ready: OSCAPSpoke
09:12:08,487 DBG ui.gui.hubs: spoke is ready: PasswordSpoke
09:12:08,529 DBG ui.gui.hubs: spoke is ready: DatetimeSpoke
09:12:08,569 DBG ui.gui.hubs: spoke is ready: SoftwareSelectionSpoke
09:12:08,588 DBG ui.gui.hubs: spoke is not ready: SoftwareSelectionSpoke
09:12:08,620 DBG ui.gui.hubs: spoke is not ready: SourceSpoke
09:12:08,621 DBG ui.gui.hubs: setting SoftwareSelectionSpoke status to: Checking software dependencies...
09:12:08,649 INF threading: Thread Done: AnaCheckSoftwareThread (140662481721088)
09:12:08,679 DBG ui.gui.hubs: incomplete spokes: [StorageSpoke, PasswordSpoke, UserSpoke, SourceSpoke]
09:12:08,680 DBG ui.gui.hubs: spoke is ready: SoftwareSelectionSpoke
09:12:08,716 DBG ui.gui.hubs: incomplete spokes: [StorageSpoke, PasswordSpoke, UserSpoke]
09:12:08,717 DBG ui.gui.hubs: spoke is ready: SourceSpoke
09:12:08,894 INF lifecycle: Module initialized: SourceSpoke
09:12:08,894 INF threading: Thread Done: AnaSourceWatcher (140662573344512)
09:12:09,071 DBG ui.gui.spokes.installation_source: Clearing checks in source spoke
09:12:09,071 DBG ui.gui.spokes.installation_source: Setting up repos: ['Minimal']
09:12:09,101 INF misc: OSCAP addon: Identified /usr/share/xml/scap/ssg/content//ssg-rl8-ds.xml as Source Data Stream
09:12:09,102 INF misc: Opening SCAP content at /usr/share/xml/scap/ssg/content/ssg-rl8-ds.xml without considering tailoring
09:12:09,316 DBG ui.gui.hubs: spoke is ready: SourceSpoke
09:12:10,804 DBG misc: OSCAP addon: waiting for all Anaconda spokes to be initialized
09:12:12,237 DBG ui.gui.utils: Finished applying <bound method AddLayoutDialog._addLayout of <pyanaconda.ui.gui.spokes.keyboard.AddLayoutDialog object at 0x7fee8ca02630>> on <list object at 0x7fee8ca71708>
09:12:12,237 INF threading: Thread Done: AnaAddLayoutsInitThread (140662547379968)
09:12:12,238 INF lifecycle: Module initialized: KeyboardSpoke
09:12:12,238 INF lifecycle: All modules have been initialized.
09:12:12,238 DBG misc: OSCAP addon: Anaconda init_done signal triggered
09:12:12,238 INF threading: Thread Done: AnaKeyboardThread (140662564951808)
09:12:12,238 DBG misc: OSCAP addon: all Anaconda spokes have been initialized - continuing
09:12:12,247 INF threading: Thread Done: OSCAPguiWaitForDataFetchThread (140662509324032)
09:12:12,259 DBG ui.gui.hubs: spoke is ready: KeyboardSpoke
09:12:12,260 DBG ui.gui.hubs: spoke is ready: OSCAPSpoke
09:12:12,261 DBG ui.gui.hubs: spoke is ready: OSCAPSpoke
09:12:12,262 DBG ui.gui.hubs: spoke is ready: OSCAPSpoke
09:12:12,534 DBG ui.common: Entered spoke: DatetimeSpoke
09:12:19,057 DBG ui.common: Left spoke: DatetimeSpoke
09:12:20,416 DBG ui.common: Entered spoke: KeyboardSpoke
09:12:37,352 DBG ui.common: Left spoke: KeyboardSpoke
09:12:40,319 DBG ui.common: Entered spoke: StorageSpoke
09:12:44,038 INF core.storage: Detected 3.8 GiB of memory
09:12:44,038 INF core.storage: Swap attempt of 3.8 GiB
09:12:44,038 DBG ui.gui.spokes.storage: disk free: 2.8 MiB  fs free: 140.6 GiB  sw needs: 3.66 GiB  auto swap: 3.8 GiB
09:12:44,226 DBG ui.gui.hubs: spoke is not ready: KdumpSpoke
09:12:44,227 DBG ui.gui.hubs: spoke is ready: KdumpSpoke
09:12:45,248 WRN misc: /usr/lib64/python3.6/site-packages/gi/overrides/GObject.py:553: Warning: gsignal.c:2642: instance '0x55ddef3676a0' has no handler with id '32539'
  return func(*args, **kwargs)

09:12:45,249 WRN misc: /usr/lib64/python3.6/site-packages/gi/overrides/GObject.py:553: Warning: gsignal.c:2642: instance '0x55ddef3676a0' has no handler with id '32540'
  return func(*args, **kwargs)

09:12:47,374 WRN misc: /usr/lib64/python3.6/site-packages/gi/overrides/GObject.py:553: Warning: gsignal.c:2642: instance '0x55ddee9de2f0' has no handler with id '33088'
  return func(*args, **kwargs)

09:12:47,375 WRN misc: /usr/lib64/python3.6/site-packages/gi/overrides/GObject.py:553: Warning: gsignal.c:2642: instance '0x55ddee9de2f0' has no handler with id '33089'
  return func(*args, **kwargs)

09:12:47,389 DBG ui.gui.spokes.storage: Running the execute method for the AUTOMATIC partitioning method.
09:12:47,390 INF threading: Running Thread: AnaExecuteStorageThread (140662509324032)
09:12:47,390 DBG ui.common: Left spoke: StorageSpoke
09:12:47,390 DBG ui.gui.spokes.storage: Saving storage configuration...
09:12:47,492 DBG ui.gui.hubs: spoke is not ready: StorageSpoke
09:12:47,492 DBG ui.gui.hubs: setting StorageSpoke status to: Saving storage configuration...
09:12:48,399 DBG ui.gui.spokes.storage: Checking storage configuration...
09:12:48,421 DBG ui.gui.hubs: setting StorageSpoke status to: Checking storage configuration...
09:12:48,954 DBG ui.common: Entered spoke: PasswordSpoke
09:12:49,474 DBG ui.gui.spokes.storage: Partitioning has been applied: ValidationReport(error_messages=[], warning_messages=[])
09:12:49,475 INF threading: Thread Done: AnaExecuteStorageThread (140662509324032)
09:12:49,565 DBG ui.gui.hubs: spoke is not ready: KdumpSpoke
09:12:49,570 DBG ui.gui.hubs: incomplete spokes: [PasswordSpoke, UserSpoke]
09:12:49,570 DBG ui.gui.hubs: spoke is ready: StorageSpoke
09:12:49,571 DBG ui.gui.hubs: spoke is ready: KdumpSpoke
09:13:04,287 INF ui.gui.spokes.root_password: Return to hub prevented by password checking rules.
09:13:04,461 DBG ui.common: Left spoke: PasswordSpoke
09:13:04,534 DBG ui.gui.hubs: incomplete spokes: [UserSpoke]
09:13:04,539 DBG ui.gui.hubs: incomplete spokes: []
09:13:04,647 INF ui.lib.space: fs space: 67.9 GiB  needed: 2.8 GiB
09:13:04,762 INF ui.lib.space: fs space: 67.9 GiB  needed: 2.8 GiB
09:13:04,763 DBG ui.gui.hubs: spoke is ready: PasswordSpoke
09:13:06,375 DBG ui.common: Entered spoke: UserSpoke
09:13:42,095 INF ui.gui.spokes.user: Return to hub prevented by password checking rules.
09:13:42,272 DBG ui.common: Left spoke: UserSpoke
09:13:42,464 INF ui.lib.space: fs space: 67.9 GiB  needed: 2.8 GiB
09:13:51,140 DBG ui.common: Left hub: SummaryHub
09:13:51,149 INF threading: Running Thread: AnaInstallThread (140662555772672)
09:13:51,149 DBG ui.gui.spokes.installation_progress: The installation has started.
09:13:51,154 DBG ui.common: Entered spoke: ProgressSpoke
09:13:51,279 INF installation: Top-level task queue: Complete installation queue
Number of task queues: 16
Number of tasks: 41
Task & task group listing:
 Task queue: Installation queue
  Task: Save system time to HW clock
  Task queue: Installation environment setup
   Task: Setup addons
   Task: Configure the runtime system
  Task queue: Early storage configuration
   Task: Activate filesystems
   Task: Mount filesystems
   Task: Write the storage configuration
  Task queue: Pre-install scripts
   Task: Run %pre-install scripts
  Task queue: Pre install tasks
   Task: Copy resolv.conf to sysroot
   Task: Discover information about a realm
   Task: Find additional packages & run pre_install()
  Task queue: Payload installation
   Task: Install the payload
  Task queue: Bootloader installation
   Task: Configure the bootloader
   Task: Install the bootloader
  Task queue: Post-installation setup tasks
   Task: Run post-installation setup tasks
 Task queue: Configuration queue
  Task queue: Installed system configuration
   Task: Configure SELinux
   Task: Configure fingerprint authentication
   Task: Authselect configuration
   Task: Authconfig configuration
   Task: Configure time zone
   Task: Configure NTP
   Task: Configure Initial Setup
   Task: Configure post-installation tools
   Task: Configure services
   Task: Configure systemd default target
   Task: Configure default desktop
   Task: Configure language
   Task: Configure keyboard
   Task: Configure firewall
   Task: Create groups
   Task: Create users
   Task: Configure root password
   Task: Set SSH keys
   Task: Configure optional root password SSH login
  Task queue: Network configuration
   Task: Network configuration
  Task queue: User creation
  Task queue: Anaconda addon configuration
   Task: Configure Anaconda addons
   Task: Install the system
  Task queue: Initramfs generation
   Task: Generate initramfs
   Task: Rerun zipl
  Task: Join a realm
  Task queue: Write configs and kickstarts
   Task: Store kickstarts
  Task queue: Post installation scripts
   Task: Run post installation scripts
09:13:51,280 INF installation: Queue started: Installation queue (1/16)
09:13:51,281 INF installation: Task started: Save system time to HW clock (1/41)
09:13:51,501 INF progress: Save system time to HW clock
09:13:51,501 DBG installation: Task completed: Save system time to HW clock (1/41) (0.2 s)
09:13:51,502 INF progress: Setting up the installation environment
09:13:51,502 INF installation: Queue started: Installation environment setup (2/16)
09:13:51,503 INF installation: Task started: Setup addons (2/41)
09:13:51,503 INF progress: Setting up com_redhat_kdump addon
09:13:51,509 INF progress: Setting up org_fedora_oscap addon
09:13:51,509 INF progress: Setup addons
09:13:51,509 DBG installation: Task completed: Setup addons (2/41) (0.0 s)
09:13:51,509 INF installation: Task started: Configure the runtime system (3/41)
09:13:51,512 INF progress: Configure the runtime system
09:13:51,512 DBG installation: Task completed: Configure the runtime system (3/41) (0.0 s)
09:13:51,513 INF progress: Configuring storage
09:13:51,513 INF installation: Queue started: Early storage configuration (3/16)
09:13:51,513 INF installation: Task started: Activate filesystems (4/41)
09:13:53,720 INF progress: Creating disklabel on /dev/sda
09:13:54,453 INF progress: Creating xfs on /dev/sda1
09:13:55,531 INF progress: Creating lvmpv on /dev/sda2
09:13:56,776 INF progress: Creating swap on /dev/mapper/rl-swap
09:13:57,255 INF progress: Creating xfs on /dev/mapper/rl-home
09:13:58,302 INF progress: Creating xfs on /dev/mapper/rl-root
09:14:00,548 INF progress: Activate filesystems
09:14:00,548 DBG installation: Task completed: Activate filesystems (4/41) (9.0 s)
09:14:00,549 INF installation: Task started: Mount filesystems (5/41)
09:14:04,561 INF progress: Mount filesystems
09:14:04,561 DBG installation: Task completed: Mount filesystems (5/41) (4.0 s)
09:14:04,561 INF installation: Task started: Write the storage configuration (6/41)
09:14:05,569 INF progress: Write the storage configuration
09:14:05,569 DBG installation: Task completed: Write the storage configuration (6/41) (1.0 s)
09:14:05,570 INF progress: Running pre-installation scripts
09:14:05,570 INF installation: Queue started: Pre-install scripts (4/16)
09:14:05,570 INF installation: Task started: Run %pre-install scripts (7/41)
09:14:05,570 INF progress: Run %pre-install scripts
09:14:05,570 DBG installation: Task completed: Run %pre-install scripts (7/41) (0.0 s)
09:14:05,571 INF progress: Running pre-installation tasks
09:14:05,571 INF installation: Queue started: Pre install tasks (5/16)
09:14:05,571 INF installation: Task started: Copy resolv.conf to sysroot (8/41)
09:14:05,572 DBG network: /etc/resolv.conf does not exist
09:14:05,572 INF progress: Copy resolv.conf to sysroot
09:14:05,572 DBG installation: Task completed: Copy resolv.conf to sysroot (8/41) (0.0 s)
09:14:05,572 INF installation: Task started: Discover information about a realm (9/41)
09:14:05,576 INF progress: Discover information about a realm
09:14:05,576 DBG installation: Task completed: Discover information about a realm (9/41) (0.0 s)
09:14:05,576 INF installation: Task started: Find additional packages & run pre_install() (10/41)
09:14:05,582 DBG payload.requirement: no group requirement added for language groups
09:14:05,588 DBG payload.requirement: no package requirement added for langpacks
09:14:05,592 DBG installation: Adding requirements for module org.fedoraproject.Anaconda.Modules.Security : [Requirement(name='authselect', reason='Needed by authselect kickstart command & for fingerprint authentication support.', type='package')]
09:14:05,592 DBG payload.requirement: added package requirement 'authselect' for Needed by authselect kickstart command & for fingerprint authentication support., strong=True
09:14:05,596 DBG installation: Adding requirements for module org.fedoraproject.Anaconda.Modules.Network : []
09:14:05,600 DBG installation: Adding requirements for module org.fedoraproject.Anaconda.Modules.Timezone : []
09:14:05,608 DBG installation: Adding requirements for module org.fedoraproject.Anaconda.Modules.Storage : [Requirement(name='xfsprogs', reason='Required to manage storage devices.', type='package'), Requirement(name='lvm2', reason='Required to manage storage devices.', type='package'), Requirement(name='e2fsprogs', reason='Required to manage storage devices.', type='package'), Requirement(name='grub2', reason='Necessary for the bootloader configuration.', type='package'), Requirement(name='grub2-tools', reason='Necessary for the bootloader configuration.', type='package')]
09:14:05,609 DBG payload.requirement: added package requirement 'xfsprogs' for Required to manage storage devices., strong=True
09:14:05,609 DBG payload.requirement: added package requirement 'lvm2' for Required to manage storage devices., strong=True
09:14:05,609 DBG payload.requirement: added package requirement 'e2fsprogs' for Required to manage storage devices., strong=True
09:14:05,609 DBG payload.requirement: added package requirement 'grub2' for Necessary for the bootloader configuration., strong=True
09:14:05,609 DBG payload.requirement: added package requirement 'grub2-tools' for Necessary for the bootloader configuration., strong=True
09:14:05,657 INF progress: Find additional packages & run pre_install()
09:14:05,657 DBG installation: Task completed: Find additional packages & run pre_install() (10/41) (0.1 s)
09:14:05,658 INF progress: Installing.
09:14:05,658 INF installation: Queue started: Payload installation (6/16)
09:14:05,658 INF installation: Task started: Install the payload (11/41)
09:14:05,658 INF progress: Starting package installation process
09:14:05,666 DBG payload.requirement: apply with result True called on requirements [('package', 'authselect', PayloadRequirement(id=authselect, reasons=[PayloadRequirementReason(reason='Needed by authselect kickstart command & for fingerprint authentication support.', strong=True)])), ('package', 'xfsprogs', PayloadRequirement(id=xfsprogs, reasons=[PayloadRequirementReason(reason='Required to manage storage devices.', strong=True)])), ('package', 'lvm2', PayloadRequirement(id=lvm2, reasons=[PayloadRequirementReason(reason='Required to manage storage devices.', strong=True)])), ('package', 'e2fsprogs', PayloadRequirement(id=e2fsprogs, reasons=[PayloadRequirementReason(reason='Required to manage storage devices.', strong=True)])), ('package', 'grub2', PayloadRequirement(id=grub2, reasons=[PayloadRequirementReason(reason='Necessary for the bootloader configuration.', strong=True)])), ('package', 'grub2-tools', PayloadRequirement(id=grub2-tools, reasons=[PayloadRequirementReason(reason='Necessary for the bootloader configuration.', strong=True)]))]
09:14:27,979 INF progress: Preparing transaction from installation source
09:22:50,977 INF progress: Install the payload
09:22:50,977 DBG installation: Task completed: Install the payload (11/41) (525.3 s)
09:22:50,978 INF progress: Installing boot loader
09:22:50,978 INF installation: Queue started: Bootloader installation (7/16)
09:22:50,978 INF installation: Task started: Configure the bootloader (12/41)
09:22:52,350 INF progress: Configure the bootloader
09:22:52,351 DBG installation: Task completed: Configure the bootloader (12/41) (1.4 s)
09:22:52,351 INF installation: Task started: Install the bootloader (13/41)
09:23:05,381 INF progress: Install the bootloader
09:23:05,381 DBG installation: Task completed: Install the bootloader (13/41) (13.0 s)
09:23:05,381 INF progress: Performing post-installation setup tasks
09:23:05,382 INF installation: Queue started: Post-installation setup tasks (8/16)
09:23:05,382 INF installation: Task started: Run post-installation setup tasks (14/41)
09:23:05,627 INF payload.base: Installation requirements: [('package', 'authselect', PayloadRequirement(id=authselect, reasons=[PayloadRequirementReason(reason='Needed by authselect kickstart command & for fingerprint authentication support.', strong=True)])), ('package', 'xfsprogs', PayloadRequirement(id=xfsprogs, reasons=[PayloadRequirementReason(reason='Required to manage storage devices.', strong=True)])), ('package', 'lvm2', PayloadRequirement(id=lvm2, reasons=[PayloadRequirementReason(reason='Required to manage storage devices.', strong=True)])), ('package', 'e2fsprogs', PayloadRequirement(id=e2fsprogs, reasons=[PayloadRequirementReason(reason='Required to manage storage devices.', strong=True)])), ('package', 'grub2', PayloadRequirement(id=grub2, reasons=[PayloadRequirementReason(reason='Necessary for the bootloader configuration.', strong=True)])), ('package', 'grub2-tools', PayloadRequirement(id=grub2-tools, reasons=[PayloadRequirementReason(reason='Necessary for the bootloader configuration.', strong=True)]))]
09:23:05,628 INF progress: Run post-installation setup tasks
09:23:05,628 DBG installation: Task completed: Run post-installation setup tasks (14/41) (0.2 s)
09:23:05,629 INF installation: Queue started: Configuration queue (9/16)
09:23:05,629 INF progress: Configuring installed system
09:23:05,629 INF installation: Queue started: Installed system configuration (10/16)
09:23:05,630 INF installation: Task started: Configure SELinux (15/41)
09:23:06,635 INF progress: Configure SELinux
09:23:06,635 DBG installation: Task completed: Configure SELinux (15/41) (1.0 s)
09:23:06,635 INF installation: Task started: Configure fingerprint authentication (16/41)
09:23:06,638 INF progress: Configure fingerprint authentication
09:23:06,638 DBG installation: Task completed: Configure fingerprint authentication (16/41) (0.0 s)
09:23:06,639 INF installation: Task started: Authselect configuration (17/41)
09:23:06,641 INF progress: Authselect configuration
09:23:06,641 DBG installation: Task completed: Authselect configuration (17/41) (0.0 s)
09:23:06,642 INF installation: Task started: Authconfig configuration (18/41)
09:23:06,644 INF progress: Authconfig configuration
09:23:06,644 DBG installation: Task completed: Authconfig configuration (18/41) (0.0 s)
09:23:06,645 INF installation: Task started: Configure time zone (19/41)
09:23:07,651 INF progress: Configure time zone
09:23:07,651 DBG installation: Task completed: Configure time zone (19/41) (1.0 s)
09:23:07,651 INF installation: Task started: Configure NTP (20/41)
09:23:08,660 INF progress: Configure NTP
09:23:08,660 DBG installation: Task completed: Configure NTP (20/41) (1.0 s)
09:23:08,660 INF installation: Task started: Configure Initial Setup (21/41)
09:23:08,663 INF progress: Configure Initial Setup
09:23:08,664 DBG installation: Task completed: Configure Initial Setup (21/41) (0.0 s)
09:23:08,664 INF installation: Task started: Configure post-installation tools (22/41)
09:23:09,670 INF progress: Configure post-installation tools
09:23:09,670 DBG installation: Task completed: Configure post-installation tools (22/41) (1.0 s)
09:23:09,671 INF installation: Task started: Configure services (23/41)
09:23:09,674 INF progress: Configure services
09:23:09,674 DBG installation: Task completed: Configure services (23/41) (0.0 s)
09:23:09,674 INF installation: Task started: Configure systemd default target (24/41)
09:23:10,689 INF progress: Configure systemd default target
09:23:10,689 DBG installation: Task completed: Configure systemd default target (24/41) (1.0 s)
09:23:10,689 INF installation: Task started: Configure default desktop (25/41)
09:23:10,692 INF progress: Configure default desktop
09:23:10,692 DBG installation: Task completed: Configure default desktop (25/41) (0.0 s)
09:23:10,693 INF installation: Task started: Configure language (26/41)
09:23:10,696 INF progress: Configure language
09:23:10,696 DBG installation: Task completed: Configure language (26/41) (0.0 s)
09:23:10,696 INF installation: Task started: Configure keyboard (27/41)
09:23:11,704 INF progress: Configure keyboard
09:23:11,704 DBG installation: Task completed: Configure keyboard (27/41) (1.0 s)
09:23:11,705 INF installation: Task started: Configure firewall (28/41)
09:23:13,716 INF progress: Configure firewall
09:23:13,716 DBG installation: Task completed: Configure firewall (28/41) (2.0 s)
09:23:13,716 INF installation: Task started: Create groups (29/41)
09:23:13,719 INF progress: Create groups
09:23:13,719 DBG installation: Task completed: Create groups (29/41) (0.0 s)
09:23:13,720 INF installation: Task started: Create users (30/41)
09:23:14,727 INF progress: Create users
09:23:14,727 DBG installation: Task completed: Create users (30/41) (1.0 s)
09:23:14,728 INF installation: Task started: Configure root password (31/41)
09:23:15,735 INF progress: Configure root password
09:23:15,736 DBG installation: Task completed: Configure root password (31/41) (1.0 s)
09:23:15,736 INF installation: Task started: Set SSH keys (32/41)
09:23:15,739 INF progress: Set SSH keys
09:23:15,739 DBG installation: Task completed: Set SSH keys (32/41) (0.0 s)
09:23:15,739 INF installation: Task started: Configure optional root password SSH login (33/41)
09:23:15,742 INF progress: Configure optional root password SSH login
09:23:15,742 DBG installation: Task completed: Configure optional root password SSH login (33/41) (0.0 s)
09:23:15,743 INF progress: Writing network configuration
09:23:15,743 INF installation: Queue started: Network configuration (11/16)
09:23:15,743 INF installation: Task started: Network configuration (34/41)
09:23:17,868 INF progress: Network configuration
09:23:17,868 DBG installation: Task completed: Network configuration (34/41) (2.1 s)
09:23:17,869 WRN installation_tasks: Attempting to start an empty task queue (User creation).
09:23:17,869 INF progress: Creating users
09:23:17,869 INF installation: Queue started: User creation (12/16)
09:23:17,869 WRN installation_tasks: The task group User creation is empty.
09:23:17,870 INF progress: Configuring addons
09:23:17,870 INF installation: Queue started: Anaconda addon configuration (13/16)
09:23:17,870 INF installation: Task started: Configure Anaconda addons (35/41)
09:23:17,870 INF progress: Executing com_redhat_kdump addon
09:23:17,892 INF progress: Executing org_fedora_oscap addon
09:23:17,892 INF progress: Configure Anaconda addons
09:23:17,893 DBG installation: Task completed: Configure Anaconda addons (35/41) (0.0 s)
09:23:17,893 INF installation: Task started: Install the system (36/41)
09:23:17,897 INF progress: Install the system
09:23:17,897 DBG installation: Task completed: Install the system (36/41) (0.0 s)
09:23:17,897 INF progress: Generating initramfs
09:23:17,898 INF installation: Queue started: Initramfs generation (14/16)
09:23:17,898 INF installation: Task started: Generate initramfs (37/41)
09:23:17,898 DBG payload.base: new-kernel-pkg does not exist, using dracut instead.
09:23:18,258 INF payload.base: recreating initrd for 4.18.0-553.el8_10.x86_64
09:24:01,196 INF progress: Generate initramfs
09:24:01,196 DBG installation: Task completed: Generate initramfs (37/41) (43.3 s)
09:24:01,196 INF installation: Task started: Rerun zipl (38/41)
09:24:01,200 INF progress: Rerun zipl
09:24:01,200 DBG installation: Task completed: Rerun zipl (38/41) (0.0 s)
09:24:01,201 INF installation: Task started: Join a realm (39/41)
09:24:01,204 INF progress: Join a realm
09:24:01,204 DBG installation: Task completed: Join a realm (39/41) (0.0 s)
09:24:01,204 INF progress: Storing configuration files and kickstarts
09:24:01,205 INF installation: Queue started: Write configs and kickstarts (15/16)
09:24:01,205 INF installation: Task started: Store kickstarts (40/41)
09:24:01,259 INF progress: Store kickstarts
09:24:01,259 DBG installation: Task completed: Store kickstarts (40/41) (0.1 s)
09:24:01,260 INF progress: Running post-installation scripts
09:24:01,260 INF installation: Queue started: Post installation scripts (16/16)
09:24:01,260 INF installation: Task started: Run post installation scripts (41/41)
09:24:01,260 INF kickstart.script: Running kickstart %%post script(s)
