+ 2024-10-24 15:25:28 /usr/bin/kdumpctl@675: /sbin/kexec -s -d -p '--command-line=BOOT_IMAGE=(hd0,msdos1)/vmlinuz-4.18.0-553.el8_10.x86_64 ro resume=/dev/mapper/rl-swap irqpoll nr_cpus=1 reset_devices cgroup_disable=memory mce=off numa=off udev.children-max=2 panic=10 rootflags=nofail acpi_no_memhotplug transparent_hugepage=never nokaslr novmcoredd hest_disable disable_cpu_apicid=0 iTCO_wdt.pretimeout=0 mei_wdt.pretimeout=0' --initrd=/boot/initramfs-4.18.0-553.el8_10.x86_64kdump.img /boot/vmlinuz-4.18.0-553.el8_10.x86_64
Try gzip decompression.
Try LZMA decompression.
+ 2024-10-24 15:25:29 /usr/bin/kdumpctl@679: ret=0
+ 2024-10-24 15:25:29 /usr/bin/kdumpctl@680: set +x
+ 2024-10-29 12:20:07 /usr/bin/kdumpctl@675: /sbin/kexec -s -d -p '--command-line=BOOT_IMAGE=(hd0,msdos1)/vmlinuz-4.18.0-553.el8_10.x86_64 ro resume=/dev/mapper/rl-swap irqpoll nr_cpus=1 reset_devices cgroup_disable=memory mce=off numa=off udev.children-max=2 panic=10 rootflags=nofail acpi_no_memhotplug transparent_hugepage=never nokaslr novmcoredd hest_disable disable_cpu_apicid=0 iTCO_wdt.pretimeout=0 mei_wdt.pretimeout=0' --initrd=/boot/initramfs-4.18.0-553.el8_10.x86_64kdump.img /boot/vmlinuz-4.18.0-553.el8_10.x86_64
Try gzip decompression.
Try LZMA decompression.
+ 2024-10-29 12:20:08 /usr/bin/kdumpctl@679: ret=0
+ 2024-10-29 12:20:08 /usr/bin/kdumpctl@680: set +x
+ 2024-10-29 12:27:45 /usr/bin/kdumpctl@675: /sbin/kexec -s -d -p '--command-line=BOOT_IMAGE=(hd0,msdos1)/vmlinuz-4.18.0-553.el8_10.x86_64 ro resume=/dev/mapper/rl-swap irqpoll nr_cpus=1 reset_devices cgroup_disable=memory mce=off numa=off udev.children-max=2 panic=10 rootflags=nofail acpi_no_memhotplug transparent_hugepage=never nokaslr novmcoredd hest_disable disable_cpu_apicid=0 iTCO_wdt.pretimeout=0 mei_wdt.pretimeout=0' --initrd=/boot/initramfs-4.18.0-553.el8_10.x86_64kdump.img /boot/vmlinuz-4.18.0-553.el8_10.x86_64
Try gzip decompression.
Try LZMA decompression.
+ 2024-10-29 12:27:45 /usr/bin/kdumpctl@679: ret=0
+ 2024-10-29 12:27:45 /usr/bin/kdumpctl@680: set +x
+ 2024-10-29 12:33:22 /usr/bin/kdumpctl@675: /sbin/kexec -s -d -p '--command-line=BOOT_IMAGE=(hd0,msdos1)/vmlinuz-4.18.0-553.el8_10.x86_64 ro resume=/dev/mapper/rl-swap irqpoll nr_cpus=1 reset_devices cgroup_disable=memory mce=off numa=off udev.children-max=2 panic=10 rootflags=nofail acpi_no_memhotplug transparent_hugepage=never nokaslr novmcoredd hest_disable disable_cpu_apicid=0 iTCO_wdt.pretimeout=0 mei_wdt.pretimeout=0' --initrd=/boot/initramfs-4.18.0-553.el8_10.x86_64kdump.img /boot/vmlinuz-4.18.0-553.el8_10.x86_64
Try gzip decompression.
Try LZMA decompression.
+ 2024-10-29 12:33:23 /usr/bin/kdumpctl@679: ret=0
+ 2024-10-29 12:33:23 /usr/bin/kdumpctl@680: set +x
+ 2024-10-29 13:12:08 /usr/bin/kdumpctl@675: /sbin/kexec -s -d -p '--command-line=BOOT_IMAGE=(hd0,msdos1)/vmlinuz-4.18.0-553.el8_10.x86_64 ro resume=/dev/mapper/rl-swap irqpoll nr_cpus=1 reset_devices cgroup_disable=memory mce=off numa=off udev.children-max=2 panic=10 rootflags=nofail acpi_no_memhotplug transparent_hugepage=never nokaslr novmcoredd hest_disable disable_cpu_apicid=0 mei_wdt.pretimeout=0 iTCO_wdt.pretimeout=0' --initrd=/boot/initramfs-4.18.0-553.el8_10.x86_64kdump.img /boot/vmlinuz-4.18.0-553.el8_10.x86_64
Try gzip decompression.
Try LZMA decompression.
+ 2024-10-29 13:12:09 /usr/bin/kdumpctl@679: ret=0
+ 2024-10-29 13:12:09 /usr/bin/kdumpctl@680: set +x
+ 2024-10-29 14:03:11 /usr/bin/kdumpctl@675: /sbin/kexec -s -d -p '--command-line=BOOT_IMAGE=(hd0,msdos1)/vmlinuz-4.18.0-553.el8_10.x86_64 ro resume=/dev/mapper/rl-swap irqpoll nr_cpus=1 reset_devices cgroup_disable=memory mce=off numa=off udev.children-max=2 panic=10 rootflags=nofail acpi_no_memhotplug transparent_hugepage=never nokaslr novmcoredd hest_disable disable_cpu_apicid=0 iTCO_wdt.pretimeout=0 mei_wdt.pretimeout=0' --initrd=/boot/initramfs-4.18.0-553.el8_10.x86_64kdump.img /boot/vmlinuz-4.18.0-553.el8_10.x86_64
Try gzip decompression.
Try LZMA decompression.
+ 2024-10-29 14:03:12 /usr/bin/kdumpctl@679: ret=0
+ 2024-10-29 14:03:12 /usr/bin/kdumpctl@680: set +x
+ 2024-10-29 14:15:16 /usr/bin/kdumpctl@675: /sbin/kexec -s -d -p '--command-line=BOOT_IMAGE=(hd0,msdos1)/vmlinuz-4.18.0-553.el8_10.x86_64 ro resume=/dev/mapper/rl-swap irqpoll nr_cpus=1 reset_devices cgroup_disable=memory mce=off numa=off udev.children-max=2 panic=10 rootflags=nofail acpi_no_memhotplug transparent_hugepage=never nokaslr novmcoredd hest_disable disable_cpu_apicid=0 iTCO_wdt.pretimeout=0 mei_wdt.pretimeout=0' --initrd=/boot/initramfs-4.18.0-553.el8_10.x86_64kdump.img /boot/vmlinuz-4.18.0-553.el8_10.x86_64
Try gzip decompression.
Try LZMA decompression.
+ 2024-10-29 14:15:17 /usr/bin/kdumpctl@679: ret=0
+ 2024-10-29 14:15:17 /usr/bin/kdumpctl@680: set +x
+ 2024-10-30 16:16:41 /usr/bin/kdumpctl@675: /sbin/kexec -s -d -p '--command-line=BOOT_IMAGE=(hd0,msdos1)/vmlinuz-4.18.0-553.22.1.el8_10.x86_64 ro resume=/dev/mapper/rl-swap irqpoll nr_cpus=1 reset_devices cgroup_disable=memory mce=off numa=off udev.children-max=2 panic=10 rootflags=nofail acpi_no_memhotplug transparent_hugepage=never nokaslr novmcoredd hest_disable disable_cpu_apicid=0 iTCO_wdt.pretimeout=0 mei_wdt.pretimeout=0' --initrd=/boot/initramfs-4.18.0-553.22.1.el8_10.x86_64kdump.img /boot/vmlinuz-4.18.0-553.22.1.el8_10.x86_64
Try gzip decompression.
Try LZMA decompression.
+ 2024-10-30 16:16:42 /usr/bin/kdumpctl@679: ret=0
+ 2024-10-30 16:16:42 /usr/bin/kdumpctl@680: set +x
+ 2024-10-30 16:39:06 /usr/bin/kdumpctl@675: /sbin/kexec -s -d -p '--command-line=BOOT_IMAGE=(hd0,msdos1)/vmlinuz-4.18.0-553.22.1.el8_10.x86_64 ro resume=/dev/mapper/rl-swap irqpoll nr_cpus=1 reset_devices cgroup_disable=memory mce=off numa=off udev.children-max=2 panic=10 rootflags=nofail acpi_no_memhotplug transparent_hugepage=never nokaslr novmcoredd hest_disable disable_cpu_apicid=0 mei_wdt.pretimeout=0 iTCO_wdt.pretimeout=0' --initrd=/boot/initramfs-4.18.0-553.22.1.el8_10.x86_64kdump.img /boot/vmlinuz-4.18.0-553.22.1.el8_10.x86_64
Try gzip decompression.
Try LZMA decompression.
+ 2024-10-30 16:39:06 /usr/bin/kdumpctl@679: ret=0
+ 2024-10-30 16:39:06 /usr/bin/kdumpctl@680: set +x
+ 2024-10-31 12:42:43 /usr/bin/kdumpctl@675: /sbin/kexec -s -d -p '--command-line=BOOT_IMAGE=(hd0,msdos1)/vmlinuz-4.18.0-553.22.1.el8_10.x86_64 ro resume=/dev/mapper/rl-swap irqpoll nr_cpus=1 reset_devices cgroup_disable=memory mce=off numa=off udev.children-max=2 panic=10 rootflags=nofail acpi_no_memhotplug transparent_hugepage=never nokaslr novmcoredd hest_disable disable_cpu_apicid=0 mei_wdt.pretimeout=0 iTCO_wdt.pretimeout=0' --initrd=/boot/initramfs-4.18.0-553.22.1.el8_10.x86_64kdump.img /boot/vmlinuz-4.18.0-553.22.1.el8_10.x86_64
Try gzip decompression.
Try LZMA decompression.
+ 2024-10-31 12:42:44 /usr/bin/kdumpctl@679: ret=0
+ 2024-10-31 12:42:44 /usr/bin/kdumpctl@680: set +x
+ 2024-10-31 14:03:42 /usr/bin/kdumpctl@675: /sbin/kexec -s -d -p '--command-line=BOOT_IMAGE=(hd0,msdos1)/vmlinuz-4.18.0-553.22.1.el8_10.x86_64 ro resume=/dev/mapper/rl-swap irqpoll nr_cpus=1 reset_devices cgroup_disable=memory mce=off numa=off udev.children-max=2 panic=10 rootflags=nofail acpi_no_memhotplug transparent_hugepage=never nokaslr novmcoredd hest_disable disable_cpu_apicid=0 mei_wdt.pretimeout=0 iTCO_wdt.pretimeout=0' --initrd=/boot/initramfs-4.18.0-553.22.1.el8_10.x86_64kdump.img /boot/vmlinuz-4.18.0-553.22.1.el8_10.x86_64
Try gzip decompression.
Try LZMA decompression.
+ 2024-10-31 14:03:42 /usr/bin/kdumpctl@679: ret=0
+ 2024-10-31 14:03:42 /usr/bin/kdumpctl@680: set +x
+ 2024-10-31 17:09:17 /usr/bin/kdumpctl@675: /sbin/kexec -s -d -p '--command-line=BOOT_IMAGE=(hd0,msdos1)/vmlinuz-4.18.0-553.22.1.el8_10.x86_64 ro resume=/dev/mapper/rl-swap irqpoll nr_cpus=1 reset_devices cgroup_disable=memory mce=off numa=off udev.children-max=2 panic=10 rootflags=nofail acpi_no_memhotplug transparent_hugepage=never nokaslr novmcoredd hest_disable disable_cpu_apicid=0 mei_wdt.pretimeout=0 iTCO_wdt.pretimeout=0' --initrd=/boot/initramfs-4.18.0-553.22.1.el8_10.x86_64kdump.img /boot/vmlinuz-4.18.0-553.22.1.el8_10.x86_64
Try gzip decompression.
Try LZMA decompression.
+ 2024-10-31 17:09:18 /usr/bin/kdumpctl@679: ret=0
+ 2024-10-31 17:09:18 /usr/bin/kdumpctl@680: set +x
+ 2024-10-31 23:28:06 /usr/bin/kdumpctl@675: /sbin/kexec -s -d -p '--command-line=BOOT_IMAGE=(hd0,msdos1)/vmlinuz-4.18.0-553.22.1.el8_10.x86_64 ro resume=/dev/mapper/rl-swap irqpoll nr_cpus=1 reset_devices cgroup_disable=memory mce=off numa=off udev.children-max=2 panic=10 rootflags=nofail acpi_no_memhotplug transparent_hugepage=never nokaslr novmcoredd hest_disable disable_cpu_apicid=0 mei_wdt.pretimeout=0 iTCO_wdt.pretimeout=0' --initrd=/boot/initramfs-4.18.0-553.22.1.el8_10.x86_64kdump.img /boot/vmlinuz-4.18.0-553.22.1.el8_10.x86_64
Try gzip decompression.
Try LZMA decompression.
+ 2024-10-31 23:28:06 /usr/bin/kdumpctl@679: ret=0
+ 2024-10-31 23:28:06 /usr/bin/kdumpctl@680: set +x
+ 2024-11-04 07:58:04 /usr/bin/kdumpctl@675: /sbin/kexec -s -d -p '--command-line=BOOT_IMAGE=(hd0,msdos1)/vmlinuz-4.18.0-553.22.1.el8_10.x86_64 ro resume=/dev/mapper/rl-swap irqpoll nr_cpus=1 reset_devices cgroup_disable=memory mce=off numa=off udev.children-max=2 panic=10 rootflags=nofail acpi_no_memhotplug transparent_hugepage=never nokaslr novmcoredd hest_disable disable_cpu_apicid=0 iTCO_wdt.pretimeout=0 mei_wdt.pretimeout=0' --initrd=/boot/initramfs-4.18.0-553.22.1.el8_10.x86_64kdump.img /boot/vmlinuz-4.18.0-553.22.1.el8_10.x86_64
Try gzip decompression.
Try LZMA decompression.
+ 2024-11-04 07:58:05 /usr/bin/kdumpctl@679: ret=0
+ 2024-11-04 07:58:05 /usr/bin/kdumpctl@680: set +x
+ 2024-11-15 04:57:43 /usr/bin/kdumpctl@675: /sbin/kexec -s -d -p '--command-line=BOOT_IMAGE=(hd0,msdos1)/vmlinuz-4.18.0-553.22.1.el8_10.x86_64 ro resume=/dev/mapper/rl-swap irqpoll nr_cpus=1 reset_devices cgroup_disable=memory mce=off numa=off udev.children-max=2 panic=10 rootflags=nofail acpi_no_memhotplug transparent_hugepage=never nokaslr novmcoredd hest_disable disable_cpu_apicid=0 mei_wdt.pretimeout=0 iTCO_wdt.pretimeout=0' --initrd=/boot/initramfs-4.18.0-553.22.1.el8_10.x86_64kdump.img /boot/vmlinuz-4.18.0-553.22.1.el8_10.x86_64
Try gzip decompression.
Try LZMA decompression.
+ 2024-11-15 04:57:44 /usr/bin/kdumpctl@679: ret=0
+ 2024-11-15 04:57:44 /usr/bin/kdumpctl@680: set +x
